

Started GET "/login" for 127.0.0.1 at 2012-03-08 15:17:08 -0800

ActionController::RoutingError (No route matches [GET] "/login"):
  

Rendered /usr/local/lib/ruby/gems/1.9.1/gems/actionpack-3.1.0/lib/action_dispatch/middleware/templates/rescues/routing_error.erb within rescues/layout (71.8ms)


Started GET "/assets/rails.png" for 127.0.0.1 at 2012-03-08 15:17:10 -0800
Served asset /rails.png - 200 OK (9ms)
  [1m[36m (0.1ms)[0m  [1mselect sqlite_version(*)[0m
  [1m[35m (37.4ms)[0m  CREATE TABLE "schema_migrations" ("version" varchar(255) NOT NULL) 
  [1m[36m (0.3ms)[0m  [1mPRAGMA index_list("schema_migrations")[0m
  [1m[35m (14.2ms)[0m  CREATE UNIQUE INDEX "unique_schema_migrations" ON "schema_migrations" ("version")
  [1m[36m (0.1ms)[0m  [1mSELECT "schema_migrations"."version" FROM "schema_migrations" [0m
Migrating to CreateUsers (20120311205056)
  [1m[35m (1.1ms)[0m  CREATE TABLE "users" ("id" INTEGER PRIMARY KEY AUTOINCREMENT NOT NULL, "type" integer, "name" varchar(255), "email" varchar(255), "created_at" datetime, "updated_at" datetime) 
  [1m[36m (0.2ms)[0m  [1mINSERT INTO "schema_migrations" ("version") VALUES ('20120311205056')[0m
  [1m[35m (5.9ms)[0m  select sqlite_version(*)
  [1m[36m (0.1ms)[0m  [1mSELECT "schema_migrations"."version" FROM "schema_migrations" [0m
  [1m[35m (0.1ms)[0m  PRAGMA index_list("users")


Started GET "/users" for 127.0.0.1 at 2012-03-11 13:56:55 -0700
  Processing by UsersController#index as HTML
  [1m[36mUser Load (0.2ms)[0m  [1mSELECT "users".* FROM "users" [0m
Rendered users/index.html.haml within layouts/application (3.5ms)
Completed 200 OK in 91ms (Views: 90.1ms | ActiveRecord: 0.2ms)


Started GET "/assets/application.css?body=1" for 127.0.0.1 at 2012-03-11 13:56:57 -0700
Served asset /application.css - 304 Not Modified (0ms)


Started GET "/assets/scaffolds.css?body=1" for 127.0.0.1 at 2012-03-11 13:56:57 -0700
Served asset /scaffolds.css - 304 Not Modified (4ms)


Started GET "/assets/users.css?body=1" for 127.0.0.1 at 2012-03-11 13:56:57 -0700
Served asset /users.css - 304 Not Modified (1ms)


Started GET "/assets/jquery.js?body=1" for 127.0.0.1 at 2012-03-11 13:56:57 -0700
Served asset /jquery.js - 304 Not Modified (2ms)


Started GET "/assets/jquery_ujs.js?body=1" for 127.0.0.1 at 2012-03-11 13:56:57 -0700
Served asset /jquery_ujs.js - 304 Not Modified (1ms)


Started GET "/assets/users.js?body=1" for 127.0.0.1 at 2012-03-11 13:56:57 -0700
Served asset /users.js - 304 Not Modified (5ms)


Started GET "/assets/application.js?body=1" for 127.0.0.1 at 2012-03-11 13:56:57 -0700
Served asset /application.js - 304 Not Modified (0ms)


Started GET "/users" for 127.0.0.1 at 2012-03-11 13:57:36 -0700
  Processing by UsersController#index as HTML
  [1m[35mUser Load (0.1ms)[0m  SELECT "users".* FROM "users" 
Rendered users/index.html.haml within layouts/application (4.2ms)
Completed 200 OK in 11ms (Views: 10.2ms | ActiveRecord: 0.2ms)


Started GET "/assets/application.css?body=1" for 127.0.0.1 at 2012-03-11 13:57:36 -0700
Served asset /application.css - 304 Not Modified (0ms)


Started GET "/assets/scaffolds.css?body=1" for 127.0.0.1 at 2012-03-11 13:57:36 -0700
Served asset /scaffolds.css - 304 Not Modified (0ms)


Started GET "/assets/users.css?body=1" for 127.0.0.1 at 2012-03-11 13:57:36 -0700
Served asset /users.css - 304 Not Modified (0ms)


Started GET "/assets/jquery.js?body=1" for 127.0.0.1 at 2012-03-11 13:57:36 -0700
Served asset /jquery.js - 304 Not Modified (4ms)


Started GET "/assets/jquery_ujs.js?body=1" for 127.0.0.1 at 2012-03-11 13:57:36 -0700
Served asset /jquery_ujs.js - 304 Not Modified (0ms)


Started GET "/assets/users.js?body=1" for 127.0.0.1 at 2012-03-11 13:57:36 -0700
Served asset /users.js - 304 Not Modified (0ms)


Started GET "/assets/application.js?body=1" for 127.0.0.1 at 2012-03-11 13:57:36 -0700
Served asset /application.js - 304 Not Modified (0ms)


Started GET "/users" for 127.0.0.1 at 2012-03-11 14:05:18 -0700
  Processing by UsersController#index as HTML
  [1m[36mUser Load (0.1ms)[0m  [1mSELECT "users".* FROM "users" [0m
Rendered users/index.html.haml within layouts/application (0.8ms)
Compiled users.css  (66ms)  (pid 3486)
Compiled application.css  (1ms)  (pid 3486)
Compiled style.css  (0ms)  (pid 3486)
Completed 200 OK in 89ms (Views: 88.0ms | ActiveRecord: 0.2ms)


Started GET "/assets/application.css?body=1" for 127.0.0.1 at 2012-03-11 14:05:18 -0700
Served asset /application.css - 200 OK (2ms)


Started GET "/assets/scaffolds.css?body=1" for 127.0.0.1 at 2012-03-11 14:05:18 -0700
Served asset /scaffolds.css - 304 Not Modified (0ms)


Started GET "/assets/style.css?body=1" for 127.0.0.1 at 2012-03-11 14:05:18 -0700
Served asset /style.css - 200 OK (8ms)


Started GET "/assets/users.css?body=1" for 127.0.0.1 at 2012-03-11 14:05:18 -0700
Served asset /users.css - 200 OK (10ms)


Started GET "/assets/jquery.js?body=1" for 127.0.0.1 at 2012-03-11 14:05:18 -0700
Served asset /jquery.js - 304 Not Modified (0ms)


Started GET "/assets/jquery_ujs.js?body=1" for 127.0.0.1 at 2012-03-11 14:05:18 -0700
Served asset /jquery_ujs.js - 304 Not Modified (0ms)


Started GET "/assets/users.js?body=1" for 127.0.0.1 at 2012-03-11 14:05:18 -0700
Served asset /users.js - 304 Not Modified (0ms)


Started GET "/assets/application.js?body=1" for 127.0.0.1 at 2012-03-11 14:05:18 -0700
Served asset /application.js - 304 Not Modified (0ms)


Started GET "/assets/images/img01.jpg" for 127.0.0.1 at 2012-03-11 14:05:18 -0700
Served asset /images/img01.jpg - 404 Not Found (1ms)

ActionController::RoutingError (No route matches [GET] "/assets/images/img01.jpg"):
  

Rendered /usr/local/lib/ruby/gems/1.9.1/gems/actionpack-3.1.0/lib/action_dispatch/middleware/templates/rescues/routing_error.erb within rescues/layout (76.7ms)
